============================= test session starts ==============================
collecting ... collected 37 items

tests/unit/interface/cli/test_proxy_cli.py::TestProxyCredentialsSetParser::test_parse_when_valid_provider_then_namespace_is_proxy PASSED [  2%]
tests/unit/interface/cli/test_proxy_cli.py::TestProxyCredentialsSetParser::test_parse_when_valid_provider_then_command_is_credentials PASSED [  5%]
tests/unit/interface/cli/test_proxy_cli.py::TestProxyCredentialsSetParser::test_parse_when_valid_provider_then_credentials_command_is_set PASSED [  8%]
tests/unit/interface/cli/test_proxy_cli.py::TestProxyCredentialsSetParser::test_parse_when_valid_provider_then_provider_captured PASSED [ 10%]
tests/unit/interface/cli/test_proxy_cli.py::TestProxyCredentialsCheckParser::test_parse_when_valid_provider_then_credentials_command_is_check PASSED [ 13%]
tests/unit/interface/cli/test_proxy_cli.py::TestProxyCredentialsDeleteParser::test_parse_when_valid_provider_then_credentials_command_is_delete PASSED [ 16%]
tests/unit/interface/cli/test_proxy_cli.py::TestProxyEngageParser::test_parse_when_config_path_then_args_populated PASSED [ 18%]
tests/unit/interface/cli/test_proxy_cli.py::TestProxyEngageParser::test_parse_when_full_pipeline_flag_then_flag_true PASSED [ 21%]
tests/unit/interface/cli/test_proxy_cli.py::TestProxyEngageParser::test_parse_when_no_full_pipeline_flag_then_flag_false PASSED [ 24%]
tests/unit/interface/cli/test_proxy_cli.py::TestProxyStatusParser::test_parse_when_engagement_id_then_args_populated PASSED [ 27%]
tests/unit/interface/cli/test_proxy_cli.py::TestProxyDestroyParser::test_parse_when_engagement_id_then_args_populated PASSED [ 29%]
tests/unit/interface/cli/test_proxy_cli.py::TestProxyDestroyParser::test_parse_when_node_ids_then_ids_captured PASSED [ 32%]
tests/unit/interface/cli/test_proxy_cli.py::TestProxyDestroyParser::test_parse_when_no_node_ids_then_none PASSED [ 35%]
tests/unit/interface/cli/test_proxy_cli.py::TestProxyGcParser::test_parse_when_dry_run_then_dry_run_true PASSED [ 37%]
tests/unit/interface/cli/test_proxy_cli.py::TestProxyGcParser::test_parse_when_confirm_then_confirm_true PASSED [ 40%]
tests/unit/interface/cli/test_proxy_cli.py::TestProxyGcParser::test_parse_when_default_then_dry_run_true PASSED [ 43%]
tests/unit/interface/cli/test_proxy_cli.py::TestHandleProxyCredentialsSet::test_handle_when_valid_key_then_stores_and_exits_zero PASSED [ 45%]
tests/unit/interface/cli/test_proxy_cli.py::TestHandleProxyCredentialsSet::test_handle_when_empty_key_then_exits_one PASSED [ 48%]
tests/unit/interface/cli/test_proxy_cli.py::TestHandleProxyCredentialsCheck::test_handle_when_found_then_exits_zero PASSED [ 51%]
tests/unit/interface/cli/test_proxy_cli.py::TestHandleProxyCredentialsCheck::test_handle_when_not_found_then_exits_one PASSED [ 54%]
tests/unit/interface/cli/test_proxy_cli.py::TestHandleProxyCredentialsCheck::test_handle_when_json_output_then_returns_json PASSED [ 56%]
tests/unit/interface/cli/test_proxy_cli.py::TestHandleProxyCredentialsDelete::test_handle_when_deleted_then_exits_zero PASSED [ 59%]
tests/unit/interface/cli/test_proxy_cli.py::TestHandleProxyCredentialsDelete::test_handle_when_not_found_then_exits_one PASSED [ 62%]
tests/unit/interface/cli/test_proxy_cli.py::TestHandleProxyNoCommand::test_handle_when_no_command_then_exits_one PASSED [ 64%]
tests/unit/interface/cli/test_proxy_cli.py::TestHandleProxyStatus::test_handle_when_engagement_then_returns_nodes PASSED [ 67%]
tests/unit/interface/cli/test_proxy_cli.py::TestHandleProxyDestroy::test_handle_when_engagement_then_destroys_and_exits_zero PASSED [ 70%]
tests/unit/interface/cli/test_proxy_cli.py::TestHandleProxyGc::test_handle_when_dry_run_then_lists_orphans PASSED [ 72%]
tests/unit/interface/cli/test_proxy_cli.py::TestHandleProxyGc::test_handle_when_confirm_then_destroys_orphans PASSED [ 75%]
tests/unit/interface/cli/test_proxy_cli.py::TestMainProxyRouting::test_main_when_proxy_namespace_then_routes_to_handler PASSED [ 78%]
tests/integration/proxy_infra/test_proxy_cli_e2e.py::TestProxyCredentialsCheckE2E::test_credentials_check_when_key_exists_then_exits_zero SKIPPED [ 81%]
tests/integration/proxy_infra/test_proxy_cli_e2e.py::TestProxyCredentialsCheckE2E::test_credentials_check_json_when_key_exists_then_returns_json SKIPPED [ 83%]
tests/integration/proxy_infra/test_proxy_cli_e2e.py::TestProxyCredentialsCheckE2E::test_credentials_check_when_nonexistent_provider_then_exits_one PASSED [ 86%]
tests/integration/proxy_infra/test_proxy_cli_e2e.py::TestProxyStatusE2E::test_status_when_nonexistent_engagement_then_exits_zero_with_empty SKIPPED [ 89%]
tests/integration/proxy_infra/test_proxy_cli_e2e.py::TestProxyParserRoundTrip::test_parse_round_trip_when_valid_args_then_no_exception[argv0] PASSED [ 91%]
tests/integration/proxy_infra/test_proxy_cli_e2e.py::TestProxyParserRoundTrip::test_parse_round_trip_when_valid_args_then_no_exception[argv1] PASSED [ 94%]
tests/integration/proxy_infra/test_proxy_cli_e2e.py::TestProxyParserRoundTrip::test_parse_round_trip_when_valid_args_then_no_exception[argv2] PASSED [ 97%]
tests/integration/proxy_infra/test_proxy_cli_e2e.py::TestProxyParserRoundTrip::test_parse_round_trip_when_valid_args_then_no_exception[argv3] PASSED [100%]

======================== 34 passed, 3 skipped in 0.51s =========================
